<?xml version="1.0" encoding="UTF-8" standalone="yes" ?>
<test-results name="C:\MinervaFoods\Source\Test\Win32\Debug\TestProcedureOrder.exe" total="2" errors="0" failures="0" ignored="0" inconclusive="0" not-run="0" skipped="0" invalid="0" date="2024-09-24" time="0.005">
  <culture-info current-culture="en" current-uiculture="en" />
  <test-suite type="Assembly" name="TestProcedureOrder.exe" executed="true" result="Success" success="True" time="0.005" asserts="0">
    <results>
        <test-suite type="Namespace" name="uTestCalculatePriceOrder" executed="true" result="Success" success="True" time="0.002" asserts="0" >
          <results>
              <test-suite type="Fixture" name="TTestCalculatePriceOrder" executed="True" result="Success" success="True" time="0.002" >
                <results>
                  <test-case name="CalculatePriceOrder.Base" executed="True" result="Success" success="True" time="0.000" asserts="0" />
                  <test-case name="CalculatePriceOrder.Decimal" executed="True" result="Success" success="True" time="0.000" asserts="0" />
                </results>
              </test-suite>
          </results>
        </test-suite>
    </results>
  </test-suite>
</test-results>
